<?xml version="1.0" encoding="UTF-8"?>
<!-- Generated by org.testng.reporters.JUnitXMLReporter -->
<testsuite ignored="2" hostname="LAPTOP-THQERG1I" failures="0" tests="2" name="Test" time="37.85" errors="0" timestamp="2023-05-14T12:46:33 IST">
  <testcase classname="Testcases.VerifyLogin" name="login" time="7.666"/>
  <testcase classname="Testcases.VerifySignup" name="signup" time="16.347"/>
  <testcase classname="Resources.baseClass" name="@AfterTest endReport" time="0.0">
    <ignored/>
  </testcase> <!-- @AfterTest endReport -->
  <testcase classname="Resources.baseClass" name="@BeforeTest ExtentReport" time="0.0">
    <ignored/>
  </testcase> <!-- @BeforeTest ExtentReport -->
</testsuite> <!-- Test -->
