<?xml version="1.0" encoding="UTF-8"?>
<testng-results ignored="2" total="4" passed="2" failed="0" skipped="0">
  <reporter-output>
  </reporter-output>
  <suite started-at="2023-05-14T12:45:56 IST" name="Suite" finished-at="2023-05-14T12:46:33 IST" duration-ms="37850">
    <groups>
    </groups>
    <test started-at="2023-05-14T12:45:56 IST" name="Test" finished-at="2023-05-14T12:46:33 IST" duration-ms="37850">
      <class name="Testcases.VerifySignup">
        <test-method is-config="true" signature="launchBrowser()[pri:0, instance:Testcases.VerifySignup@31304f14]" started-at="2023-05-14T12:46:08 IST" name="launchBrowser" finished-at="2023-05-14T12:46:16 IST" duration-ms="7634" status="PASS">
          <reporter-output>
          </reporter-output>
        </test-method> <!-- launchBrowser -->
        <test-method signature="signup()[pri:0, instance:Testcases.VerifySignup@31304f14]" started-at="2023-05-14T12:46:16 IST" name="signup" finished-at="2023-05-14T12:46:32 IST" duration-ms="16347" status="PASS">
          <reporter-output>
          </reporter-output>
        </test-method> <!-- signup -->
        <test-method is-config="true" signature="quitBrowser()[pri:0, instance:Testcases.VerifySignup@31304f14]" started-at="2023-05-14T12:46:32 IST" name="quitBrowser" finished-at="2023-05-14T12:46:33 IST" duration-ms="917" status="PASS">
          <reporter-output>
          </reporter-output>
        </test-method> <!-- quitBrowser -->
      </class> <!-- Testcases.VerifySignup -->
      <class name="Testcases.VerifyLogin">
        <test-method is-config="true" signature="ExtentReport()[pri:0, instance:Testcases.VerifyLogin@799f10e1]" started-at="2023-05-14T12:45:56 IST" name="ExtentReport" finished-at="2023-05-14T12:45:56 IST" duration-ms="226" status="PASS">
          <reporter-output>
          </reporter-output>
        </test-method> <!-- ExtentReport -->
        <test-method is-config="true" signature="launchBrowser()[pri:0, instance:Testcases.VerifyLogin@799f10e1]" started-at="2023-05-14T12:45:56 IST" name="launchBrowser" finished-at="2023-05-14T12:46:00 IST" duration-ms="4034" status="PASS">
          <reporter-output>
          </reporter-output>
        </test-method> <!-- launchBrowser -->
        <test-method signature="login()[pri:0, instance:Testcases.VerifyLogin@799f10e1]" started-at="2023-05-14T12:46:00 IST" name="login" finished-at="2023-05-14T12:46:07 IST" duration-ms="7666" status="PASS">
          <reporter-output>
          </reporter-output>
        </test-method> <!-- login -->
        <test-method is-config="true" signature="quitBrowser()[pri:0, instance:Testcases.VerifyLogin@799f10e1]" started-at="2023-05-14T12:46:07 IST" name="quitBrowser" finished-at="2023-05-14T12:46:08 IST" duration-ms="681" status="PASS">
          <reporter-output>
          </reporter-output>
        </test-method> <!-- quitBrowser -->
        <test-method is-config="true" signature="endReport()[pri:0, instance:Testcases.VerifyLogin@799f10e1]" started-at="2023-05-14T12:46:33 IST" name="endReport" finished-at="2023-05-14T12:46:33 IST" duration-ms="296" status="PASS">
          <reporter-output>
          </reporter-output>
        </test-method> <!-- endReport -->
      </class> <!-- Testcases.VerifyLogin -->
    </test> <!-- Test -->
  </suite> <!-- Suite -->
</testng-results>
