<?xml version="1.0" encoding="UTF-8"?>
<testng-results ignored="0" total="1" passed="1" failed="0" skipped="0">
  <reporter-output>
  </reporter-output>
  <suite started-at="2023-04-26T21:29:07 IST" name="Default suite" finished-at="2023-04-26T21:29:17 IST" duration-ms="10613">
    <groups>
    </groups>
    <test started-at="2023-04-26T21:29:07 IST" name="Default test" finished-at="2023-04-26T21:29:17 IST" duration-ms="10613">
      <class name="Testcases.VerifySignup">
        <test-method signature="signup()[pri:0, instance:Testcases.VerifySignup@6d763516]" started-at="2023-04-26T21:29:07 IST" name="signup" finished-at="2023-04-26T21:29:17 IST" duration-ms="10569" status="PASS">
          <reporter-output>
          </reporter-output>
        </test-method> <!-- signup -->
      </class> <!-- Testcases.VerifySignup -->
    </test> <!-- Default test -->
  </suite> <!-- Default suite -->
</testng-results>
